TN:
SF:calculadora.js
FN:1,somar
FN:5,subtrair
FN:9,multiplicar
FN:13,dividir
FNF:4
FNH:4
FNDA:1,somar
FNDA:1,subtrair
FNDA:1,multiplicar
FNDA:1,dividir
DA:2,1
DA:6,1
DA:10,1
DA:14,1
DA:17,1
LF:5
LH:5
BRF:0
BRH:0
end_of_record
TN:
SF:exercicio.js
FN:1,calculuCombustivel
FNF:1
FNH:1
FNDA:4,calculuCombustivel
DA:5,4
DA:6,1
DA:7,3
DA:8,1
DA:11,2
DA:12,2
DA:14,2
DA:15,1
DA:16,1
DA:17,1
DA:20,2
DA:24,1
LF:12
LH:12
BRDA:5,0,0,1
BRDA:5,0,1,3
BRDA:7,1,0,1
BRDA:7,1,1,2
BRDA:7,2,0,3
BRDA:7,2,1,2
BRDA:14,3,0,1
BRDA:14,3,1,1
BRDA:16,4,0,1
BRDA:16,4,1,0
BRF:10
BRH:9
end_of_record
